<?xml version="1.0" encoding="UTF-8"?>
<!-- Generated by org.testng.reporters.JUnitXMLReporter -->
<testsuite ignored="0" hostname="amanpc" failures="7" tests="40" name="Testchrome" time="17.683" errors="0" timestamp="2024-04-18T16:58:13 EDT">
  <testcase classname="io.cucumber.testng.AbstractTestNGCucumberTests" name="runScenario" time="3.649"/>
  <testcase classname="io.cucumber.testng.AbstractTestNGCucumberTests" name="runScenario" time="0.282"/>
  <testcase classname="io.cucumber.testng.AbstractTestNGCucumberTests" name="runScenario" time="0.236"/>
  <testcase classname="io.cucumber.testng.AbstractTestNGCucumberTests" name="runScenario" time="0.239"/>
  <testcase classname="io.cucumber.testng.AbstractTestNGCucumberTests" name="runScenario" time="0.227"/>
  <testcase classname="io.cucumber.testng.AbstractTestNGCucumberTests" name="runScenario" time="0.243"/>
  <testcase classname="io.cucumber.testng.AbstractTestNGCucumberTests" name="runScenario" time="0.238"/>
  <testcase classname="io.cucumber.testng.AbstractTestNGCucumberTests" name="runScenario" time="0.226"/>
  <testcase classname="io.cucumber.testng.AbstractTestNGCucumberTests" name="runScenario" time="0.234"/>
  <testcase classname="io.cucumber.testng.AbstractTestNGCucumberTests" name="runScenario" time="0.241"/>
  <testcase classname="io.cucumber.testng.AbstractTestNGCucumberTests" name="runScenario" time="0.315"/>
  <testcase classname="io.cucumber.testng.AbstractTestNGCucumberTests" name="runScenario" time="0.225"/>
  <testcase classname="io.cucumber.testng.AbstractTestNGCucumberTests" name="runScenario" time="0.228"/>
  <testcase classname="io.cucumber.testng.AbstractTestNGCucumberTests" name="runScenario" time="0.227"/>
  <testcase classname="io.cucumber.testng.AbstractTestNGCucumberTests" name="runScenario" time="0.166"/>
  <testcase classname="io.cucumber.testng.AbstractTestNGCucumberTests" name="runScenario" time="0.196"/>
  <testcase classname="io.cucumber.testng.AbstractTestNGCucumberTests" name="runScenario" time="0.161"/>
  <testcase classname="io.cucumber.testng.AbstractTestNGCucumberTests" name="runScenario" time="0.194"/>
  <testcase classname="io.cucumber.testng.AbstractTestNGCucumberTests" name="runScenario" time="0.213"/>
  <testcase classname="io.cucumber.testng.AbstractTestNGCucumberTests" name="runScenario" time="0.349">
    <failure type="java.lang.AssertionError" message="expected [Please enter valid username] but found [password_mismatch:The two password fields didn’t match.]">
      <![CDATA[java.lang.AssertionError: expected [Please enter valid username] but found [password_mismatch:The two password fields didn’t match.]
at stepDefinitions.registerPage_SD.the_user_should_see_the_error_message_indicating(registerPage_SD.java:94)
at ✽.the user should see the error message indicating "Please enter valid username"(file:///C:/Users/bassa/eclipse-workspace/CucumberJavaProject/src/test/resources/DSAlgoFeatures/02registerPage.feature:23)
... Removed 6 stack frames]]>
    </failure>
  </testcase> <!-- runScenario -->
  <testcase classname="io.cucumber.testng.AbstractTestNGCucumberTests" name="runScenario" time="0.317">
    <failure type="java.lang.AssertionError" message="expected [Username already exists] but found [password_mismatch:The two password fields didn’t match.]">
      <![CDATA[java.lang.AssertionError: expected [Username already exists] but found [password_mismatch:The two password fields didn’t match.]
at stepDefinitions.registerPage_SD.the_user_should_see_the_error_message_indicating(registerPage_SD.java:94)
at ✽.the user should see the error message indicating "Username already exists"(file:///C:/Users/bassa/eclipse-workspace/CucumberJavaProject/src/test/resources/DSAlgoFeatures/02registerPage.feature:23)
... Removed 6 stack frames]]>
    </failure>
  </testcase> <!-- runScenario -->
  <testcase classname="io.cucumber.testng.AbstractTestNGCucumberTests" name="runScenario" time="0.312"/>
  <testcase classname="io.cucumber.testng.AbstractTestNGCucumberTests" name="runScenario" time="0.305">
    <failure type="java.lang.AssertionError" message="expected [Password should contain at least 8 characters] but found [password_mismatch:The two password fields didn’t match.]">
      <![CDATA[java.lang.AssertionError: expected [Password should contain at least 8 characters] but found [password_mismatch:The two password fields didn’t match.]
at stepDefinitions.registerPage_SD.the_user_should_see_the_error_message_indicating(registerPage_SD.java:94)
at ✽.the user should see the error message indicating "Password should contain at least 8 characters"(file:///C:/Users/bassa/eclipse-workspace/CucumberJavaProject/src/test/resources/DSAlgoFeatures/02registerPage.feature:23)
... Removed 6 stack frames]]>
    </failure>
  </testcase> <!-- runScenario -->
  <testcase classname="io.cucumber.testng.AbstractTestNGCucumberTests" name="runScenario" time="0.331">
    <failure type="java.lang.AssertionError" message="expected [Password cannot be entirely numeric] but found [password_mismatch:The two password fields didn’t match.]">
      <![CDATA[java.lang.AssertionError: expected [Password cannot be entirely numeric] but found [password_mismatch:The two password fields didn’t match.]
at stepDefinitions.registerPage_SD.the_user_should_see_the_error_message_indicating(registerPage_SD.java:94)
at ✽.the user should see the error message indicating "Password cannot be entirely numeric"(file:///C:/Users/bassa/eclipse-workspace/CucumberJavaProject/src/test/resources/DSAlgoFeatures/02registerPage.feature:23)
... Removed 6 stack frames]]>
    </failure>
  </testcase> <!-- runScenario -->
  <testcase classname="io.cucumber.testng.AbstractTestNGCucumberTests" name="runScenario" time="0.409">
    <failure type="java.lang.AssertionError" message="expected [Password cannot be too similar to your other personal information] but found [New Account Created. You are logged in as kalasdet118]">
      <![CDATA[java.lang.AssertionError: expected [Password cannot be too similar to your other personal information] but found [New Account Created. You are logged in as kalasdet118]
at stepDefinitions.registerPage_SD.the_user_should_see_the_error_message_indicating(registerPage_SD.java:94)
at ✽.the user should see the error message indicating "Password cannot be too similar to your other personal information"(file:///C:/Users/bassa/eclipse-workspace/CucumberJavaProject/src/test/resources/DSAlgoFeatures/02registerPage.feature:23)
... Removed 6 stack frames]]>
    </failure>
  </testcase> <!-- runScenario -->
  <testcase classname="io.cucumber.testng.AbstractTestNGCucumberTests" name="runScenario" time="0.322">
    <failure type="java.lang.AssertionError" message="expected [Password cannot be commonly used password] but found [password_mismatch:The two password fields didn’t match.]">
      <![CDATA[java.lang.AssertionError: expected [Password cannot be commonly used password] but found [password_mismatch:The two password fields didn’t match.]
at stepDefinitions.registerPage_SD.the_user_should_see_the_error_message_indicating(registerPage_SD.java:94)
at ✽.the user should see the error message indicating "Password cannot be commonly used password"(file:///C:/Users/bassa/eclipse-workspace/CucumberJavaProject/src/test/resources/DSAlgoFeatures/02registerPage.feature:23)
... Removed 6 stack frames]]>
    </failure>
  </testcase> <!-- runScenario -->
  <testcase classname="io.cucumber.testng.AbstractTestNGCucumberTests" name="runScenario" time="1.212"/>
  <testcase classname="io.cucumber.testng.AbstractTestNGCucumberTests" name="runScenario" time="0.202"/>
  <testcase classname="io.cucumber.testng.AbstractTestNGCucumberTests" name="runScenario" time="0.228"/>
  <testcase classname="io.cucumber.testng.AbstractTestNGCucumberTests" name="runScenario" time="0.164"/>
  <testcase classname="io.cucumber.testng.AbstractTestNGCucumberTests" name="runScenario" time="0.375"/>
  <testcase classname="io.cucumber.testng.AbstractTestNGCucumberTests" name="runScenario" time="0.49"/>
  <testcase classname="io.cucumber.testng.AbstractTestNGCucumberTests" name="runScenario" time="0.588"/>
  <testcase classname="io.cucumber.testng.AbstractTestNGCucumberTests" name="runScenario" time="0.671"/>
  <testcase classname="io.cucumber.testng.AbstractTestNGCucumberTests" name="runScenario" time="0.786"/>
  <testcase classname="io.cucumber.testng.AbstractTestNGCucumberTests" name="runScenario" time="0.286"/>
  <testcase classname="io.cucumber.testng.AbstractTestNGCucumberTests" name="runScenario" time="0.386"/>
  <testcase classname="io.cucumber.testng.AbstractTestNGCucumberTests" name="runScenario" time="0.356"/>
  <testcase classname="io.cucumber.testng.AbstractTestNGCucumberTests" name="runScenario" time="0.418">
    <failure type="java.lang.Error" message="Unresolved compilation problems: 
	outputproject cannot be resolved to a variable
	Syntax error on token &amp;quot;from&amp;quot;, ; expected
	eclipse cannot be resolved to a type
	Syntax error, insert &amp;quot;;&amp;quot; to complete LocalVariableDeclarationStatement
	github cannot be resolved
">
      <![CDATA[java.lang.Error: Unresolved compilation problems: 
outputproject cannot be resolved to a variable
Syntax error on token "from", ; expected
eclipse cannot be resolved to a type
Syntax error, insert ";" to complete LocalVariableDeclarationStatement
github cannot be resolved

at PageLayer.ArrayPage.validatePythonCodeGotPrinted(ArrayPage.java:85)
at stepDefinitions.arrayPage_SD.the_user_should_be_presented_with_run_result(arrayPage_SD.java:98)
at ✽.The user should be presented with Run result(file:///C:/Users/bassa/eclipse-workspace/CucumberJavaProject/src/test/resources/DSAlgoFeatures/05arrayPage.feature:27)
]]>
    </failure>
  </testcase> <!-- runScenario -->
  <testcase classname="io.cucumber.testng.AbstractTestNGCucumberTests" name="runScenario" time="0.789"/>
</testsuite> <!-- Testchrome -->
