{"uuid":"0a43e5a5-0abf-4daf-880a-08c27e4b0062","historyId":"3acb3b5a8789663faaf637b6ad72801a","fullName":"Feature file to test register: The user is presented with an error message","labels":[{"name":"tag","value":"Register"},{"name":"tag","value":"TS_Register_04"},{"name":"host","value":"amanpc"},{"name":"thread","value":"31436@amanpc.main(1)"},{"name":"feature","value":"Feature file to test register"},{"name":"story","value":"The user is presented with an error message"},{"name":"suite","value":"Feature file to test register"},{"name":"testClass","value":"The user is presented with an error message"},{"name":"framework","value":"cucumber4jvm"},{"name":"language","value":"java"},{"name":"gherkin_uri","value":"file:///C:/Users/bassa/eclipse-workspace/CucumberJavaProject/src/test/resources/DSAlgoFeatures/02registerPage.feature"},{"name":"package","value":"src.test.resources.DSAlgoFeatures.02registerPage_feature.Feature file to test register"}],"links":[],"name":"The user is presented with an error message","status":"failed","statusDetails":{"known":false,"muted":false,"flaky":false,"message":"expected [Please enter valid username] but found [password_mismatch:The two password fields didn’t match.]","trace":"java.lang.AssertionError: expected [Please enter valid username] but found [password_mismatch:The two password fields didn’t match.]\r\n\tat org.testng.Assert.fail(Assert.java:110)\r\n\tat org.testng.Assert.failNotEquals(Assert.java:1577)\r\n\tat org.testng.Assert.assertEqualsImpl(Assert.java:149)\r\n\tat org.testng.Assert.assertEquals(Assert.java:131)\r\n\tat org.testng.Assert.assertEquals(Assert.java:655)\r\n\tat org.testng.Assert.assertEquals(Assert.java:665)\r\n\tat stepDefinitions.registerPage_SD.the_user_should_see_the_error_message_indicating(registerPage_SD.java:93)\r\n\tat ✽.the user should see the error message indicating \"Please enter valid username\"(file:///C:/Users/bassa/eclipse-workspace/CucumberJavaProject/src/test/resources/DSAlgoFeatures/02registerPage.feature:23)\r\n"},"stage":"finished","steps":[{"name":"Given  The user opens Register page","status":"passed","statusDetails":{"known":false,"muted":false,"flaky":false},"stage":"finished","steps":[],"attachments":[],"parameters":[],"start":1699389250477,"stop":1699389250535},{"name":"When  The user enters \"Numpy@123!\", \"Numpy@123\", and \"Numpy@123\"","status":"passed","statusDetails":{"known":false,"muted":false,"flaky":false},"stage":"finished","steps":[],"attachments":[],"parameters":[],"start":1699389250535,"stop":1699389250641},{"name":"And  the user clicks the register button","status":"passed","statusDetails":{"known":false,"muted":false,"flaky":false},"stage":"finished","steps":[],"attachments":[],"parameters":[],"start":1699389250642,"stop":1699389250727},{"name":"Then  the user should see the error message indicating \"Please enter valid username\"","status":"failed","statusDetails":{"known":false,"muted":false,"flaky":false,"message":"expected [Please enter valid username] but found [password_mismatch:The two password fields didn’t match.]","trace":"java.lang.AssertionError: expected [Please enter valid username] but found [password_mismatch:The two password fields didn’t match.]\r\n\tat org.testng.Assert.fail(Assert.java:110)\r\n\tat org.testng.Assert.failNotEquals(Assert.java:1577)\r\n\tat org.testng.Assert.assertEqualsImpl(Assert.java:149)\r\n\tat org.testng.Assert.assertEquals(Assert.java:131)\r\n\tat org.testng.Assert.assertEquals(Assert.java:655)\r\n\tat org.testng.Assert.assertEquals(Assert.java:665)\r\n\tat stepDefinitions.registerPage_SD.the_user_should_see_the_error_message_indicating(registerPage_SD.java:93)\r\n\tat ✽.the user should see the error message indicating \"Please enter valid username\"(file:///C:/Users/bassa/eclipse-workspace/CucumberJavaProject/src/test/resources/DSAlgoFeatures/02registerPage.feature:23)\r\n"},"stage":"finished","steps":[],"attachments":[],"parameters":[],"start":1699389250727,"stop":1699389250754}],"attachments":[],"parameters":[{"name":"username","value":"Numpy@123!"},{"name":"password","value":"Numpy@123"},{"name":"password1","value":"Numpy@123"},{"name":"errormessage","value":"Please enter valid username"}],"start":1699389250476,"stop":1699389250755}