{"uuid":"502c7044-b9bc-49b9-a9e0-d1430a9af329","historyId":"34a1ab6f17150dd74c1a9048b8c412de","fullName":"Feature file to test register: The user is presented with an error message","labels":[{"name":"tag","value":"Register"},{"name":"tag","value":"TS_Register_04"},{"name":"host","value":"amanpc"},{"name":"thread","value":"26824@amanpc.main(1)"},{"name":"feature","value":"Feature file to test register"},{"name":"story","value":"The user is presented with an error message"},{"name":"suite","value":"Feature file to test register"},{"name":"testClass","value":"The user is presented with an error message"},{"name":"framework","value":"cucumber4jvm"},{"name":"language","value":"java"},{"name":"gherkin_uri","value":"file:///C:/Users/bassa/eclipse-workspace/CucumberJavaProject/src/test/resources/DSAlgoFeatures/02registerPage.feature"},{"name":"package","value":"src.test.resources.DSAlgoFeatures.02registerPage_feature.Feature file to test register"}],"links":[],"name":"The user is presented with an error message","status":"failed","statusDetails":{"known":false,"muted":false,"flaky":false,"message":"expected [Password cannot be commonly used password] but found [password_mismatch:The two password fields didn’t match.]","trace":"java.lang.AssertionError: expected [Password cannot be commonly used password] but found [password_mismatch:The two password fields didn’t match.]\r\n\tat org.testng.Assert.fail(Assert.java:110)\r\n\tat org.testng.Assert.failNotEquals(Assert.java:1577)\r\n\tat org.testng.Assert.assertEqualsImpl(Assert.java:149)\r\n\tat org.testng.Assert.assertEquals(Assert.java:131)\r\n\tat org.testng.Assert.assertEquals(Assert.java:655)\r\n\tat org.testng.Assert.assertEquals(Assert.java:665)\r\n\tat stepDefinitions.registerPage_SD.the_user_should_see_the_error_message_indicating(registerPage_SD.java:93)\r\n\tat ✽.the user should see the error message indicating \"Password cannot be commonly used password\"(file:///C:/Users/bassa/eclipse-workspace/CucumberJavaProject/src/test/resources/DSAlgoFeatures/02registerPage.feature:23)\r\n"},"stage":"finished","steps":[{"name":"Given  The user opens Register page","status":"passed","statusDetails":{"known":false,"muted":false,"flaky":false},"stage":"finished","steps":[],"attachments":[],"parameters":[],"start":1697764120369,"stop":1697764120434},{"name":"When  The user enters \"kalasdet118\", \"Test@1\", and \"Test@1\"","status":"passed","statusDetails":{"known":false,"muted":false,"flaky":false},"stage":"finished","steps":[],"attachments":[],"parameters":[],"start":1697764120434,"stop":1697764120629},{"name":"And  the user clicks the register button","status":"passed","statusDetails":{"known":false,"muted":false,"flaky":false},"stage":"finished","steps":[],"attachments":[],"parameters":[],"start":1697764120631,"stop":1697764120758},{"name":"Then  the user should see the error message indicating \"Password cannot be commonly used password\"","status":"failed","statusDetails":{"known":false,"muted":false,"flaky":false,"message":"expected [Password cannot be commonly used password] but found [password_mismatch:The two password fields didn’t match.]","trace":"java.lang.AssertionError: expected [Password cannot be commonly used password] but found [password_mismatch:The two password fields didn’t match.]\r\n\tat org.testng.Assert.fail(Assert.java:110)\r\n\tat org.testng.Assert.failNotEquals(Assert.java:1577)\r\n\tat org.testng.Assert.assertEqualsImpl(Assert.java:149)\r\n\tat org.testng.Assert.assertEquals(Assert.java:131)\r\n\tat org.testng.Assert.assertEquals(Assert.java:655)\r\n\tat org.testng.Assert.assertEquals(Assert.java:665)\r\n\tat stepDefinitions.registerPage_SD.the_user_should_see_the_error_message_indicating(registerPage_SD.java:93)\r\n\tat ✽.the user should see the error message indicating \"Password cannot be commonly used password\"(file:///C:/Users/bassa/eclipse-workspace/CucumberJavaProject/src/test/resources/DSAlgoFeatures/02registerPage.feature:23)\r\n"},"stage":"finished","steps":[],"attachments":[],"parameters":[],"start":1697764120758,"stop":1697764120783}],"attachments":[],"parameters":[{"name":"username","value":"kalasdet118"},{"name":"password","value":"Test@1"},{"name":"password1","value":"Test@1"},{"name":"errormessage","value":"Password cannot be commonly used password"}],"start":1697764120369,"stop":1697764120783}