{"uuid":"aeee440d-bd8b-4d49-ac2f-895694ec37e5","historyId":"319e38cc0da720beb80dd8b9155fd0cf","fullName":"User launch dsalgo application and test Array page: The user is able run code in tryEditor for Arrays in Python page","labels":[{"name":"tag","value":"array"},{"name":"tag","value":"TS_array_04"},{"name":"host","value":"amanpc"},{"name":"thread","value":"19696@amanpc.main(1)"},{"name":"feature","value":"User launch dsalgo application and test Array page"},{"name":"story","value":"The user is able run code in tryEditor for Arrays in Python page"},{"name":"suite","value":"User launch dsalgo application and test Array page"},{"name":"testClass","value":"The user is able run code in tryEditor for Arrays in Python page"},{"name":"framework","value":"cucumber4jvm"},{"name":"language","value":"java"},{"name":"gherkin_uri","value":"file:///C:/Users/bassa/eclipse-workspace/CucumberJavaProject/src/test/resources/DSAlgoFeatures/05arrayPage.feature"},{"name":"package","value":"src.test.resources.DSAlgoFeatures.05arrayPage_feature.User launch dsalgo application and test Array page"}],"links":[],"name":"The user is able run code in tryEditor for Arrays in Python page","status":"failed","statusDetails":{"known":false,"muted":false,"flaky":false,"message":"Result do not match expected [Hello World] but found [hello World]","trace":"java.lang.AssertionError: Result do not match expected [Hello World] but found [hello World]\r\n\tat org.testng.Assert.fail(Assert.java:110)\r\n\tat org.testng.Assert.failNotEquals(Assert.java:1577)\r\n\tat org.testng.Assert.assertEqualsImpl(Assert.java:149)\r\n\tat org.testng.Assert.assertEquals(Assert.java:131)\r\n\tat org.testng.Assert.assertEquals(Assert.java:655)\r\n\tat stepDefinitions.arrayPage_SD.the_user_should_be_presented_with_run_result(arrayPage_SD.java:100)\r\n\tat ✽.The user should be presented with Run result(file:///C:/Users/bassa/eclipse-workspace/CucumberJavaProject/src/test/resources/DSAlgoFeatures/05arrayPage.feature:27)\r\n"},"stage":"finished","steps":[{"name":"Given  The user is in a page having an tryEditor with a Run button to test","status":"passed","statusDetails":{"known":false,"muted":false,"flaky":false},"stage":"finished","steps":[],"attachments":[],"parameters":[],"start":1699412559945,"stop":1699412559945},{"name":"When  The user enter valid python code in tryEditor from sheet \"pythonCode\" and 0","status":"passed","statusDetails":{"known":false,"muted":false,"flaky":false},"stage":"finished","steps":[],"attachments":[],"parameters":[],"start":1699412559945,"stop":1699412560407},{"name":"And  The user clicks on run button","status":"passed","statusDetails":{"known":false,"muted":false,"flaky":false},"stage":"finished","steps":[],"attachments":[],"parameters":[],"start":1699412560407,"stop":1699412560481},{"name":"Then  The user should be presented with Run result","status":"failed","statusDetails":{"known":false,"muted":false,"flaky":false,"message":"Result do not match expected [Hello World] but found [hello World]","trace":"java.lang.AssertionError: Result do not match expected [Hello World] but found [hello World]\r\n\tat org.testng.Assert.fail(Assert.java:110)\r\n\tat org.testng.Assert.failNotEquals(Assert.java:1577)\r\n\tat org.testng.Assert.assertEqualsImpl(Assert.java:149)\r\n\tat org.testng.Assert.assertEquals(Assert.java:131)\r\n\tat org.testng.Assert.assertEquals(Assert.java:655)\r\n\tat stepDefinitions.arrayPage_SD.the_user_should_be_presented_with_run_result(arrayPage_SD.java:100)\r\n\tat ✽.The user should be presented with Run result(file:///C:/Users/bassa/eclipse-workspace/CucumberJavaProject/src/test/resources/DSAlgoFeatures/05arrayPage.feature:27)\r\n"},"stage":"finished","steps":[],"attachments":[],"parameters":[],"start":1699412560481,"stop":1699412560505}],"attachments":[],"parameters":[{"name":"Sheetname","value":"pythonCode"},{"name":"RowNumber","value":"0"}],"start":1699412559937,"stop":1699412560505}