{"uuid":"b65b7d6e-65e3-4e36-be9b-408736e632c2","historyId":"cf56cbb9d2ac755b00200afd1d62422c","fullName":"Feature file to test register: The user is presented with an error message","labels":[{"name":"host","value":"amanpc"},{"name":"thread","value":"33912@amanpc.main(1)"},{"name":"feature","value":"Feature file to test register"},{"name":"story","value":"The user is presented with an error message"},{"name":"suite","value":"Feature file to test register"},{"name":"testClass","value":"The user is presented with an error message"},{"name":"framework","value":"cucumber4jvm"},{"name":"language","value":"java"},{"name":"gherkin_uri","value":"file:///C:/Users/bassa/eclipse-workspace/CucumberJavaProject/src/test/resources/DSAlgoFeatures/registerPage.feature"},{"name":"package","value":"src.test.resources.DSAlgoFeatures.registerPage_feature.Feature file to test register"}],"links":[],"name":"The user is presented with an error message","status":"failed","statusDetails":{"known":false,"muted":false,"flaky":false,"message":"expected [Password cannot be commonly used password] but found [password_mismatch:The two password fields didn’t match.]","trace":"java.lang.AssertionError: expected [Password cannot be commonly used password] but found [password_mismatch:The two password fields didn’t match.]\r\n\tat org.testng.Assert.fail(Assert.java:110)\r\n\tat org.testng.Assert.failNotEquals(Assert.java:1577)\r\n\tat org.testng.Assert.assertEqualsImpl(Assert.java:149)\r\n\tat org.testng.Assert.assertEquals(Assert.java:131)\r\n\tat org.testng.Assert.assertEquals(Assert.java:655)\r\n\tat org.testng.Assert.assertEquals(Assert.java:665)\r\n\tat stepDefinitions.registerPage_SD.the_user_should_see_the_error_message_indicating(registerPage_SD.java:93)\r\n\tat ✽.the user should see the error message indicating \"Password cannot be commonly used password\"(file:///C:/Users/bassa/eclipse-workspace/CucumberJavaProject/src/test/resources/DSAlgoFeatures/registerPage.feature:22)\r\n"},"stage":"finished","steps":[{"name":"Given  The user opens Register page","status":"passed","statusDetails":{"known":false,"muted":false,"flaky":false},"stage":"finished","steps":[],"attachments":[],"parameters":[],"start":1697589548409,"stop":1697589548477},{"name":"When  The user enters \"kalasdet118\", \"Test@1\", and \"Test@1\"","status":"passed","statusDetails":{"known":false,"muted":false,"flaky":false},"stage":"finished","steps":[],"attachments":[],"parameters":[],"start":1697589548478,"stop":1697589548601},{"name":"And  the user clicks the register button","status":"passed","statusDetails":{"known":false,"muted":false,"flaky":false},"stage":"finished","steps":[],"attachments":[],"parameters":[],"start":1697589548602,"stop":1697589548702},{"name":"Then  the user should see the error message indicating \"Password cannot be commonly used password\"","status":"failed","statusDetails":{"known":false,"muted":false,"flaky":false,"message":"expected [Password cannot be commonly used password] but found [password_mismatch:The two password fields didn’t match.]","trace":"java.lang.AssertionError: expected [Password cannot be commonly used password] but found [password_mismatch:The two password fields didn’t match.]\r\n\tat org.testng.Assert.fail(Assert.java:110)\r\n\tat org.testng.Assert.failNotEquals(Assert.java:1577)\r\n\tat org.testng.Assert.assertEqualsImpl(Assert.java:149)\r\n\tat org.testng.Assert.assertEquals(Assert.java:131)\r\n\tat org.testng.Assert.assertEquals(Assert.java:655)\r\n\tat org.testng.Assert.assertEquals(Assert.java:665)\r\n\tat stepDefinitions.registerPage_SD.the_user_should_see_the_error_message_indicating(registerPage_SD.java:93)\r\n\tat ✽.the user should see the error message indicating \"Password cannot be commonly used password\"(file:///C:/Users/bassa/eclipse-workspace/CucumberJavaProject/src/test/resources/DSAlgoFeatures/registerPage.feature:22)\r\n"},"stage":"finished","steps":[],"attachments":[],"parameters":[],"start":1697589548703,"stop":1697589548719}],"attachments":[],"parameters":[{"name":"username","value":"kalasdet118"},{"name":"password","value":"Test@1"},{"name":"password1","value":"Test@1"},{"name":"errormessage","value":"Password cannot be commonly used password"}],"start":1697589548408,"stop":1697589548720}