<?xml version="1.0" encoding="UTF-8"?>
<testng-results ignored="0" total="40" passed="34" failed="6" skipped="0">
  <reporter-output>
  </reporter-output>
  <suite started-at="2023-11-22T14:33:59 EST" name="Default suite" finished-at="2023-11-22T14:34:18 EST" duration-ms="19337">
    <groups>
      <group name="cucumber">
        <method signature="AbstractTestNGCucumberTests.runScenario(io.cucumber.testng.PickleWrapper,io.cucumber.testng.FeatureWrapper)[pri:0, instance:runner.TestRunner@3aee3976]" name="runScenario" class="io.cucumber.testng.AbstractTestNGCucumberTests"/>
      </group> <!-- cucumber -->
    </groups>
    <test started-at="2023-11-22T14:33:59 EST" name="Default test" finished-at="2023-11-22T14:34:18 EST" duration-ms="19337">
      <class name="runner.TestRunner">
        <test-method is-config="true" signature="setUpClass(org.testng.ITestContext)[pri:0, instance:runner.TestRunner@3aee3976]" started-at="2023-11-22T14:33:59 EST" name="setUpClass" finished-at="2023-11-22T14:34:00 EST" duration-ms="692" status="PASS">
          <params>
            <param index="0">
              <value>
                <![CDATA[org.testng.TestRunner@7d3a2459]]>
              </value>
            </param>
          </params>
          <reporter-output>
          </reporter-output>
        </test-method> <!-- setUpClass -->
        <test-method signature="runScenario(io.cucumber.testng.PickleWrapper,io.cucumber.testng.FeatureWrapper)[pri:0, instance:runner.TestRunner@3aee3976]" started-at="2023-11-22T14:34:00 EST" name="runScenario" description="Runs Cucumber Scenarios" data-provider="scenarios" finished-at="2023-11-22T14:34:04 EST" duration-ms="4596" status="PASS">
          <params>
            <param index="0">
              <value>
                <![CDATA["User launch home page of an dsalgo project"]]>
              </value>
            </param>
            <param index="1">
              <value>
                <![CDATA["Optional[User launch dsalgo application and test Home page]"]]>
              </value>
            </param>
          </params>
          <reporter-output>
          </reporter-output>
        </test-method> <!-- runScenario -->
        <test-method signature="runScenario(io.cucumber.testng.PickleWrapper,io.cucumber.testng.FeatureWrapper)[pri:0, instance:runner.TestRunner@3aee3976]" started-at="2023-11-22T14:34:04 EST" name="runScenario" description="Runs Cucumber Scenarios" data-provider="scenarios" finished-at="2023-11-22T14:34:05 EST" duration-ms="293" status="PASS">
          <params>
            <param index="0">
              <value>
                <![CDATA["User is on Home page and click getstarted link "Datastructures" on home page without sign in"]]>
              </value>
            </param>
            <param index="1">
              <value>
                <![CDATA["Optional[User launch dsalgo application and test Home page]"]]>
              </value>
            </param>
          </params>
          <reporter-output>
          </reporter-output>
        </test-method> <!-- runScenario -->
        <test-method signature="runScenario(io.cucumber.testng.PickleWrapper,io.cucumber.testng.FeatureWrapper)[pri:0, instance:runner.TestRunner@3aee3976]" started-at="2023-11-22T14:34:05 EST" name="runScenario" description="Runs Cucumber Scenarios" data-provider="scenarios" finished-at="2023-11-22T14:34:05 EST" duration-ms="245" status="PASS">
          <params>
            <param index="0">
              <value>
                <![CDATA["User is on Home page and click getstarted link "Arrays" on home page without sign in"]]>
              </value>
            </param>
            <param index="1">
              <value>
                <![CDATA["Optional[User launch dsalgo application and test Home page]"]]>
              </value>
            </param>
          </params>
          <reporter-output>
          </reporter-output>
        </test-method> <!-- runScenario -->
        <test-method signature="runScenario(io.cucumber.testng.PickleWrapper,io.cucumber.testng.FeatureWrapper)[pri:0, instance:runner.TestRunner@3aee3976]" started-at="2023-11-22T14:34:05 EST" name="runScenario" description="Runs Cucumber Scenarios" data-provider="scenarios" finished-at="2023-11-22T14:34:05 EST" duration-ms="248" status="PASS">
          <params>
            <param index="0">
              <value>
                <![CDATA["User is on Home page and click getstarted link "Linkedlist" on home page without sign in"]]>
              </value>
            </param>
            <param index="1">
              <value>
                <![CDATA["Optional[User launch dsalgo application and test Home page]"]]>
              </value>
            </param>
          </params>
          <reporter-output>
          </reporter-output>
        </test-method> <!-- runScenario -->
        <test-method signature="runScenario(io.cucumber.testng.PickleWrapper,io.cucumber.testng.FeatureWrapper)[pri:0, instance:runner.TestRunner@3aee3976]" started-at="2023-11-22T14:34:05 EST" name="runScenario" description="Runs Cucumber Scenarios" data-provider="scenarios" finished-at="2023-11-22T14:34:06 EST" duration-ms="259" status="PASS">
          <params>
            <param index="0">
              <value>
                <![CDATA["User is on Home page and click getstarted link "Stack" on home page without sign in"]]>
              </value>
            </param>
            <param index="1">
              <value>
                <![CDATA["Optional[User launch dsalgo application and test Home page]"]]>
              </value>
            </param>
          </params>
          <reporter-output>
          </reporter-output>
        </test-method> <!-- runScenario -->
        <test-method signature="runScenario(io.cucumber.testng.PickleWrapper,io.cucumber.testng.FeatureWrapper)[pri:0, instance:runner.TestRunner@3aee3976]" started-at="2023-11-22T14:34:06 EST" name="runScenario" description="Runs Cucumber Scenarios" data-provider="scenarios" finished-at="2023-11-22T14:34:06 EST" duration-ms="252" status="PASS">
          <params>
            <param index="0">
              <value>
                <![CDATA["User is on Home page and click getstarted link "Queue" on home page without sign in"]]>
              </value>
            </param>
            <param index="1">
              <value>
                <![CDATA["Optional[User launch dsalgo application and test Home page]"]]>
              </value>
            </param>
          </params>
          <reporter-output>
          </reporter-output>
        </test-method> <!-- runScenario -->
        <test-method signature="runScenario(io.cucumber.testng.PickleWrapper,io.cucumber.testng.FeatureWrapper)[pri:0, instance:runner.TestRunner@3aee3976]" started-at="2023-11-22T14:34:06 EST" name="runScenario" description="Runs Cucumber Scenarios" data-provider="scenarios" finished-at="2023-11-22T14:34:06 EST" duration-ms="236" status="PASS">
          <params>
            <param index="0">
              <value>
                <![CDATA["User is on Home page and click getstarted link "Tree" on home page without sign in"]]>
              </value>
            </param>
            <param index="1">
              <value>
                <![CDATA["Optional[User launch dsalgo application and test Home page]"]]>
              </value>
            </param>
          </params>
          <reporter-output>
          </reporter-output>
        </test-method> <!-- runScenario -->
        <test-method signature="runScenario(io.cucumber.testng.PickleWrapper,io.cucumber.testng.FeatureWrapper)[pri:0, instance:runner.TestRunner@3aee3976]" started-at="2023-11-22T14:34:06 EST" name="runScenario" description="Runs Cucumber Scenarios" data-provider="scenarios" finished-at="2023-11-22T14:34:06 EST" duration-ms="260" status="PASS">
          <params>
            <param index="0">
              <value>
                <![CDATA["User is on Home page and click getstarted link "Graph" on home page without sign in"]]>
              </value>
            </param>
            <param index="1">
              <value>
                <![CDATA["Optional[User launch dsalgo application and test Home page]"]]>
              </value>
            </param>
          </params>
          <reporter-output>
          </reporter-output>
        </test-method> <!-- runScenario -->
        <test-method signature="runScenario(io.cucumber.testng.PickleWrapper,io.cucumber.testng.FeatureWrapper)[pri:0, instance:runner.TestRunner@3aee3976]" started-at="2023-11-22T14:34:06 EST" name="runScenario" description="Runs Cucumber Scenarios" data-provider="scenarios" finished-at="2023-11-22T14:34:07 EST" duration-ms="280" status="PASS">
          <params>
            <param index="0">
              <value>
                <![CDATA["User is on Home page and click on dropdown "Arrays" without sign in"]]>
              </value>
            </param>
            <param index="1">
              <value>
                <![CDATA["Optional[User launch dsalgo application and test Home page]"]]>
              </value>
            </param>
          </params>
          <reporter-output>
          </reporter-output>
        </test-method> <!-- runScenario -->
        <test-method signature="runScenario(io.cucumber.testng.PickleWrapper,io.cucumber.testng.FeatureWrapper)[pri:0, instance:runner.TestRunner@3aee3976]" started-at="2023-11-22T14:34:07 EST" name="runScenario" description="Runs Cucumber Scenarios" data-provider="scenarios" finished-at="2023-11-22T14:34:07 EST" duration-ms="255" status="PASS">
          <params>
            <param index="0">
              <value>
                <![CDATA["User is on Home page and click on dropdown "Linkedlist" without sign in"]]>
              </value>
            </param>
            <param index="1">
              <value>
                <![CDATA["Optional[User launch dsalgo application and test Home page]"]]>
              </value>
            </param>
          </params>
          <reporter-output>
          </reporter-output>
        </test-method> <!-- runScenario -->
        <test-method signature="runScenario(io.cucumber.testng.PickleWrapper,io.cucumber.testng.FeatureWrapper)[pri:0, instance:runner.TestRunner@3aee3976]" started-at="2023-11-22T14:34:07 EST" name="runScenario" description="Runs Cucumber Scenarios" data-provider="scenarios" finished-at="2023-11-22T14:34:07 EST" duration-ms="227" status="PASS">
          <params>
            <param index="0">
              <value>
                <![CDATA["User is on Home page and click on dropdown "Stack" without sign in"]]>
              </value>
            </param>
            <param index="1">
              <value>
                <![CDATA["Optional[User launch dsalgo application and test Home page]"]]>
              </value>
            </param>
          </params>
          <reporter-output>
          </reporter-output>
        </test-method> <!-- runScenario -->
        <test-method signature="runScenario(io.cucumber.testng.PickleWrapper,io.cucumber.testng.FeatureWrapper)[pri:0, instance:runner.TestRunner@3aee3976]" started-at="2023-11-22T14:34:07 EST" name="runScenario" description="Runs Cucumber Scenarios" data-provider="scenarios" finished-at="2023-11-22T14:34:07 EST" duration-ms="255" status="PASS">
          <params>
            <param index="0">
              <value>
                <![CDATA["User is on Home page and click on dropdown "Queue" without sign in"]]>
              </value>
            </param>
            <param index="1">
              <value>
                <![CDATA["Optional[User launch dsalgo application and test Home page]"]]>
              </value>
            </param>
          </params>
          <reporter-output>
          </reporter-output>
        </test-method> <!-- runScenario -->
        <test-method signature="runScenario(io.cucumber.testng.PickleWrapper,io.cucumber.testng.FeatureWrapper)[pri:0, instance:runner.TestRunner@3aee3976]" started-at="2023-11-22T14:34:07 EST" name="runScenario" description="Runs Cucumber Scenarios" data-provider="scenarios" finished-at="2023-11-22T14:34:08 EST" duration-ms="267" status="PASS">
          <params>
            <param index="0">
              <value>
                <![CDATA["User is on Home page and click on dropdown "Tree" without sign in"]]>
              </value>
            </param>
            <param index="1">
              <value>
                <![CDATA["Optional[User launch dsalgo application and test Home page]"]]>
              </value>
            </param>
          </params>
          <reporter-output>
          </reporter-output>
        </test-method> <!-- runScenario -->
        <test-method signature="runScenario(io.cucumber.testng.PickleWrapper,io.cucumber.testng.FeatureWrapper)[pri:0, instance:runner.TestRunner@3aee3976]" started-at="2023-11-22T14:34:08 EST" name="runScenario" description="Runs Cucumber Scenarios" data-provider="scenarios" finished-at="2023-11-22T14:34:08 EST" duration-ms="262" status="PASS">
          <params>
            <param index="0">
              <value>
                <![CDATA["User is on Home page and click on dropdown "Graph" without sign in"]]>
              </value>
            </param>
            <param index="1">
              <value>
                <![CDATA["Optional[User launch dsalgo application and test Home page]"]]>
              </value>
            </param>
          </params>
          <reporter-output>
          </reporter-output>
        </test-method> <!-- runScenario -->
        <test-method signature="runScenario(io.cucumber.testng.PickleWrapper,io.cucumber.testng.FeatureWrapper)[pri:0, instance:runner.TestRunner@3aee3976]" started-at="2023-11-22T14:34:08 EST" name="runScenario" description="Runs Cucumber Scenarios" data-provider="scenarios" finished-at="2023-11-22T14:34:08 EST" duration-ms="189" status="PASS">
          <params>
            <param index="0">
              <value>
                <![CDATA["User is on Home page and click on sign in"]]>
              </value>
            </param>
            <param index="1">
              <value>
                <![CDATA["Optional[User launch dsalgo application and test Home page]"]]>
              </value>
            </param>
          </params>
          <reporter-output>
          </reporter-output>
        </test-method> <!-- runScenario -->
        <test-method signature="runScenario(io.cucumber.testng.PickleWrapper,io.cucumber.testng.FeatureWrapper)[pri:0, instance:runner.TestRunner@3aee3976]" started-at="2023-11-22T14:34:08 EST" name="runScenario" description="Runs Cucumber Scenarios" data-provider="scenarios" finished-at="2023-11-22T14:34:08 EST" duration-ms="208" status="PASS">
          <params>
            <param index="0">
              <value>
                <![CDATA["User is on Home page and click on Register"]]>
              </value>
            </param>
            <param index="1">
              <value>
                <![CDATA["Optional[User launch dsalgo application and test Home page]"]]>
              </value>
            </param>
          </params>
          <reporter-output>
          </reporter-output>
        </test-method> <!-- runScenario -->
        <test-method signature="runScenario(io.cucumber.testng.PickleWrapper,io.cucumber.testng.FeatureWrapper)[pri:0, instance:runner.TestRunner@3aee3976]" started-at="2023-11-22T14:34:08 EST" name="runScenario" description="Runs Cucumber Scenarios" data-provider="scenarios" finished-at="2023-11-22T14:34:08 EST" duration-ms="188" status="PASS">
          <params>
            <param index="0">
              <value>
                <![CDATA["The user is presented with error message for empty fields below username textbox"]]>
              </value>
            </param>
            <param index="1">
              <value>
                <![CDATA["Optional[Feature file to test register]"]]>
              </value>
            </param>
          </params>
          <reporter-output>
          </reporter-output>
        </test-method> <!-- runScenario -->
        <test-method signature="runScenario(io.cucumber.testng.PickleWrapper,io.cucumber.testng.FeatureWrapper)[pri:0, instance:runner.TestRunner@3aee3976]" started-at="2023-11-22T14:34:08 EST" name="runScenario" description="Runs Cucumber Scenarios" data-provider="scenarios" finished-at="2023-11-22T14:34:09 EST" duration-ms="238" status="PASS">
          <params>
            <param index="0">
              <value>
                <![CDATA["The user is presented with error message for empty fields below Password textbox"]]>
              </value>
            </param>
            <param index="1">
              <value>
                <![CDATA["Optional[Feature file to test register]"]]>
              </value>
            </param>
          </params>
          <reporter-output>
          </reporter-output>
        </test-method> <!-- runScenario -->
        <test-method signature="runScenario(io.cucumber.testng.PickleWrapper,io.cucumber.testng.FeatureWrapper)[pri:0, instance:runner.TestRunner@3aee3976]" started-at="2023-11-22T14:34:09 EST" name="runScenario" description="Runs Cucumber Scenarios" data-provider="scenarios" finished-at="2023-11-22T14:34:09 EST" duration-ms="225" status="PASS">
          <params>
            <param index="0">
              <value>
                <![CDATA["The user is presented with error message for empty fields below Password1 textbox"]]>
              </value>
            </param>
            <param index="1">
              <value>
                <![CDATA["Optional[Feature file to test register]"]]>
              </value>
            </param>
          </params>
          <reporter-output>
          </reporter-output>
        </test-method> <!-- runScenario -->
        <test-method signature="runScenario(io.cucumber.testng.PickleWrapper,io.cucumber.testng.FeatureWrapper)[pri:0, instance:runner.TestRunner@3aee3976]" started-at="2023-11-22T14:34:09 EST" name="runScenario" description="Runs Cucumber Scenarios" data-provider="scenarios" finished-at="2023-11-22T14:34:09 EST" duration-ms="364" status="FAIL">
          <params>
            <param index="0">
              <value>
                <![CDATA["The user is presented with an error message"]]>
              </value>
            </param>
            <param index="1">
              <value>
                <![CDATA["Optional[Feature file to test register]"]]>
              </value>
            </param>
          </params>
          <exception class="java.lang.AssertionError">
            <message>
              <![CDATA[expected [Please enter valid username] but found [password_mismatch:The two password fields didn’t match.]]]>
            </message>
            <full-stacktrace>
              <![CDATA[java.lang.AssertionError: expected [Please enter valid username] but found [password_mismatch:The two password fields didn’t match.]
at org.testng.Assert.fail(Assert.java:110)
at org.testng.Assert.failNotEquals(Assert.java:1577)
at org.testng.Assert.assertEqualsImpl(Assert.java:149)
at org.testng.Assert.assertEquals(Assert.java:131)
at org.testng.Assert.assertEquals(Assert.java:655)
at org.testng.Assert.assertEquals(Assert.java:665)
at stepDefinitions.registerPage_SD.the_user_should_see_the_error_message_indicating(registerPage_SD.java:94)
at ✽.the user should see the error message indicating "Please enter valid username"(file:///C:/Users/bassa/eclipse-workspace/CucumberJavaProject/src/test/resources/DSAlgoFeatures/02registerPage.feature:23)
]]>
            </full-stacktrace>
          </exception> <!-- java.lang.AssertionError -->
          <reporter-output>
          </reporter-output>
        </test-method> <!-- runScenario -->
        <test-method signature="runScenario(io.cucumber.testng.PickleWrapper,io.cucumber.testng.FeatureWrapper)[pri:0, instance:runner.TestRunner@3aee3976]" started-at="2023-11-22T14:34:09 EST" name="runScenario" description="Runs Cucumber Scenarios" data-provider="scenarios" finished-at="2023-11-22T14:34:10 EST" duration-ms="352" status="FAIL">
          <params>
            <param index="0">
              <value>
                <![CDATA["The user is presented with an error message"]]>
              </value>
            </param>
            <param index="1">
              <value>
                <![CDATA["Optional[Feature file to test register]"]]>
              </value>
            </param>
          </params>
          <exception class="java.lang.AssertionError">
            <message>
              <![CDATA[expected [Username already exists] but found [password_mismatch:The two password fields didn’t match.]]]>
            </message>
            <full-stacktrace>
              <![CDATA[java.lang.AssertionError: expected [Username already exists] but found [password_mismatch:The two password fields didn’t match.]
at org.testng.Assert.fail(Assert.java:110)
at org.testng.Assert.failNotEquals(Assert.java:1577)
at org.testng.Assert.assertEqualsImpl(Assert.java:149)
at org.testng.Assert.assertEquals(Assert.java:131)
at org.testng.Assert.assertEquals(Assert.java:655)
at org.testng.Assert.assertEquals(Assert.java:665)
at stepDefinitions.registerPage_SD.the_user_should_see_the_error_message_indicating(registerPage_SD.java:94)
at ✽.the user should see the error message indicating "Username already exists"(file:///C:/Users/bassa/eclipse-workspace/CucumberJavaProject/src/test/resources/DSAlgoFeatures/02registerPage.feature:23)
]]>
            </full-stacktrace>
          </exception> <!-- java.lang.AssertionError -->
          <reporter-output>
          </reporter-output>
        </test-method> <!-- runScenario -->
        <test-method signature="runScenario(io.cucumber.testng.PickleWrapper,io.cucumber.testng.FeatureWrapper)[pri:0, instance:runner.TestRunner@3aee3976]" started-at="2023-11-22T14:34:10 EST" name="runScenario" description="Runs Cucumber Scenarios" data-provider="scenarios" finished-at="2023-11-22T14:34:10 EST" duration-ms="354" status="PASS">
          <params>
            <param index="0">
              <value>
                <![CDATA["The user is presented with an error message"]]>
              </value>
            </param>
            <param index="1">
              <value>
                <![CDATA["Optional[Feature file to test register]"]]>
              </value>
            </param>
          </params>
          <reporter-output>
          </reporter-output>
        </test-method> <!-- runScenario -->
        <test-method signature="runScenario(io.cucumber.testng.PickleWrapper,io.cucumber.testng.FeatureWrapper)[pri:0, instance:runner.TestRunner@3aee3976]" started-at="2023-11-22T14:34:10 EST" name="runScenario" description="Runs Cucumber Scenarios" data-provider="scenarios" finished-at="2023-11-22T14:34:10 EST" duration-ms="310" status="FAIL">
          <params>
            <param index="0">
              <value>
                <![CDATA["The user is presented with an error message"]]>
              </value>
            </param>
            <param index="1">
              <value>
                <![CDATA["Optional[Feature file to test register]"]]>
              </value>
            </param>
          </params>
          <exception class="java.lang.AssertionError">
            <message>
              <![CDATA[expected [Password should contain at least 8 characters] but found [password_mismatch:The two password fields didn’t match.]]]>
            </message>
            <full-stacktrace>
              <![CDATA[java.lang.AssertionError: expected [Password should contain at least 8 characters] but found [password_mismatch:The two password fields didn’t match.]
at org.testng.Assert.fail(Assert.java:110)
at org.testng.Assert.failNotEquals(Assert.java:1577)
at org.testng.Assert.assertEqualsImpl(Assert.java:149)
at org.testng.Assert.assertEquals(Assert.java:131)
at org.testng.Assert.assertEquals(Assert.java:655)
at org.testng.Assert.assertEquals(Assert.java:665)
at stepDefinitions.registerPage_SD.the_user_should_see_the_error_message_indicating(registerPage_SD.java:94)
at ✽.the user should see the error message indicating "Password should contain at least 8 characters"(file:///C:/Users/bassa/eclipse-workspace/CucumberJavaProject/src/test/resources/DSAlgoFeatures/02registerPage.feature:23)
]]>
            </full-stacktrace>
          </exception> <!-- java.lang.AssertionError -->
          <reporter-output>
          </reporter-output>
        </test-method> <!-- runScenario -->
        <test-method signature="runScenario(io.cucumber.testng.PickleWrapper,io.cucumber.testng.FeatureWrapper)[pri:0, instance:runner.TestRunner@3aee3976]" started-at="2023-11-22T14:34:10 EST" name="runScenario" description="Runs Cucumber Scenarios" data-provider="scenarios" finished-at="2023-11-22T14:34:11 EST" duration-ms="345" status="FAIL">
          <params>
            <param index="0">
              <value>
                <![CDATA["The user is presented with an error message"]]>
              </value>
            </param>
            <param index="1">
              <value>
                <![CDATA["Optional[Feature file to test register]"]]>
              </value>
            </param>
          </params>
          <exception class="java.lang.AssertionError">
            <message>
              <![CDATA[expected [Password cannot be entirely numeric] but found [password_mismatch:The two password fields didn’t match.]]]>
            </message>
            <full-stacktrace>
              <![CDATA[java.lang.AssertionError: expected [Password cannot be entirely numeric] but found [password_mismatch:The two password fields didn’t match.]
at org.testng.Assert.fail(Assert.java:110)
at org.testng.Assert.failNotEquals(Assert.java:1577)
at org.testng.Assert.assertEqualsImpl(Assert.java:149)
at org.testng.Assert.assertEquals(Assert.java:131)
at org.testng.Assert.assertEquals(Assert.java:655)
at org.testng.Assert.assertEquals(Assert.java:665)
at stepDefinitions.registerPage_SD.the_user_should_see_the_error_message_indicating(registerPage_SD.java:94)
at ✽.the user should see the error message indicating "Password cannot be entirely numeric"(file:///C:/Users/bassa/eclipse-workspace/CucumberJavaProject/src/test/resources/DSAlgoFeatures/02registerPage.feature:23)
]]>
            </full-stacktrace>
          </exception> <!-- java.lang.AssertionError -->
          <reporter-output>
          </reporter-output>
        </test-method> <!-- runScenario -->
        <test-method signature="runScenario(io.cucumber.testng.PickleWrapper,io.cucumber.testng.FeatureWrapper)[pri:0, instance:runner.TestRunner@3aee3976]" started-at="2023-11-22T14:34:11 EST" name="runScenario" description="Runs Cucumber Scenarios" data-provider="scenarios" finished-at="2023-11-22T14:34:11 EST" duration-ms="440" status="FAIL">
          <params>
            <param index="0">
              <value>
                <![CDATA["The user is presented with an error message"]]>
              </value>
            </param>
            <param index="1">
              <value>
                <![CDATA["Optional[Feature file to test register]"]]>
              </value>
            </param>
          </params>
          <exception class="java.lang.AssertionError">
            <message>
              <![CDATA[expected [Password cannot be too similar to your other personal information] but found [password_mismatch:The two password fields didn’t match.]]]>
            </message>
            <full-stacktrace>
              <![CDATA[java.lang.AssertionError: expected [Password cannot be too similar to your other personal information] but found [password_mismatch:The two password fields didn’t match.]
at org.testng.Assert.fail(Assert.java:110)
at org.testng.Assert.failNotEquals(Assert.java:1577)
at org.testng.Assert.assertEqualsImpl(Assert.java:149)
at org.testng.Assert.assertEquals(Assert.java:131)
at org.testng.Assert.assertEquals(Assert.java:655)
at org.testng.Assert.assertEquals(Assert.java:665)
at stepDefinitions.registerPage_SD.the_user_should_see_the_error_message_indicating(registerPage_SD.java:94)
at ✽.the user should see the error message indicating "Password cannot be too similar to your other personal information"(file:///C:/Users/bassa/eclipse-workspace/CucumberJavaProject/src/test/resources/DSAlgoFeatures/02registerPage.feature:23)
]]>
            </full-stacktrace>
          </exception> <!-- java.lang.AssertionError -->
          <reporter-output>
          </reporter-output>
        </test-method> <!-- runScenario -->
        <test-method signature="runScenario(io.cucumber.testng.PickleWrapper,io.cucumber.testng.FeatureWrapper)[pri:0, instance:runner.TestRunner@3aee3976]" started-at="2023-11-22T14:34:11 EST" name="runScenario" description="Runs Cucumber Scenarios" data-provider="scenarios" finished-at="2023-11-22T14:34:11 EST" duration-ms="372" status="FAIL">
          <params>
            <param index="0">
              <value>
                <![CDATA["The user is presented with an error message"]]>
              </value>
            </param>
            <param index="1">
              <value>
                <![CDATA["Optional[Feature file to test register]"]]>
              </value>
            </param>
          </params>
          <exception class="java.lang.AssertionError">
            <message>
              <![CDATA[expected [Password cannot be commonly used password] but found [password_mismatch:The two password fields didn’t match.]]]>
            </message>
            <full-stacktrace>
              <![CDATA[java.lang.AssertionError: expected [Password cannot be commonly used password] but found [password_mismatch:The two password fields didn’t match.]
at org.testng.Assert.fail(Assert.java:110)
at org.testng.Assert.failNotEquals(Assert.java:1577)
at org.testng.Assert.assertEqualsImpl(Assert.java:149)
at org.testng.Assert.assertEquals(Assert.java:131)
at org.testng.Assert.assertEquals(Assert.java:655)
at org.testng.Assert.assertEquals(Assert.java:665)
at stepDefinitions.registerPage_SD.the_user_should_see_the_error_message_indicating(registerPage_SD.java:94)
at ✽.the user should see the error message indicating "Password cannot be commonly used password"(file:///C:/Users/bassa/eclipse-workspace/CucumberJavaProject/src/test/resources/DSAlgoFeatures/02registerPage.feature:23)
]]>
            </full-stacktrace>
          </exception> <!-- java.lang.AssertionError -->
          <reporter-output>
          </reporter-output>
        </test-method> <!-- runScenario -->
        <test-method signature="runScenario(io.cucumber.testng.PickleWrapper,io.cucumber.testng.FeatureWrapper)[pri:0, instance:runner.TestRunner@3aee3976]" started-at="2023-11-22T14:34:11 EST" name="runScenario" description="Runs Cucumber Scenarios" data-provider="scenarios" finished-at="2023-11-22T14:34:12 EST" duration-ms="1029" status="PASS">
          <params>
            <param index="0">
              <value>
                <![CDATA["User on Register page and register with valid inputs from Excel"]]>
              </value>
            </param>
            <param index="1">
              <value>
                <![CDATA["Optional[Feature file to test register]"]]>
              </value>
            </param>
          </params>
          <reporter-output>
          </reporter-output>
        </test-method> <!-- runScenario -->
        <test-method signature="runScenario(io.cucumber.testng.PickleWrapper,io.cucumber.testng.FeatureWrapper)[pri:0, instance:runner.TestRunner@3aee3976]" started-at="2023-11-22T14:34:12 EST" name="runScenario" description="Runs Cucumber Scenarios" data-provider="scenarios" finished-at="2023-11-22T14:34:13 EST" duration-ms="197" status="PASS">
          <params>
            <param index="0">
              <value>
                <![CDATA["Verify Register link"]]>
              </value>
            </param>
            <param index="1">
              <value>
                <![CDATA["Optional[Verifying Signin Page feature]"]]>
              </value>
            </param>
          </params>
          <reporter-output>
          </reporter-output>
        </test-method> <!-- runScenario -->
        <test-method signature="runScenario(io.cucumber.testng.PickleWrapper,io.cucumber.testng.FeatureWrapper)[pri:0, instance:runner.TestRunner@3aee3976]" started-at="2023-11-22T14:34:13 EST" name="runScenario" description="Runs Cucumber Scenarios" data-provider="scenarios" finished-at="2023-11-22T14:34:13 EST" duration-ms="260" status="PASS">
          <params>
            <param index="0">
              <value>
                <![CDATA["User on login page and click login button with password field empty"]]>
              </value>
            </param>
            <param index="1">
              <value>
                <![CDATA["Optional[Verifying Signin Page feature]"]]>
              </value>
            </param>
          </params>
          <reporter-output>
          </reporter-output>
        </test-method> <!-- runScenario -->
        <test-method signature="runScenario(io.cucumber.testng.PickleWrapper,io.cucumber.testng.FeatureWrapper)[pri:0, instance:runner.TestRunner@3aee3976]" started-at="2023-11-22T14:34:13 EST" name="runScenario" description="Runs Cucumber Scenarios" data-provider="scenarios" finished-at="2023-11-22T14:34:13 EST" duration-ms="182" status="PASS">
          <params>
            <param index="0">
              <value>
                <![CDATA["User on login page and click login button with username field empty"]]>
              </value>
            </param>
            <param index="1">
              <value>
                <![CDATA["Optional[Verifying Signin Page feature]"]]>
              </value>
            </param>
          </params>
          <reporter-output>
          </reporter-output>
        </test-method> <!-- runScenario -->
        <test-method signature="runScenario(io.cucumber.testng.PickleWrapper,io.cucumber.testng.FeatureWrapper)[pri:0, instance:runner.TestRunner@3aee3976]" started-at="2023-11-22T14:34:13 EST" name="runScenario" description="Runs Cucumber Scenarios" data-provider="scenarios" finished-at="2023-11-22T14:34:13 EST" duration-ms="400" status="PASS">
          <params>
            <param index="0">
              <value>
                <![CDATA["User on login page and login with invalid credentials"]]>
              </value>
            </param>
            <param index="1">
              <value>
                <![CDATA["Optional[Verifying Signin Page feature]"]]>
              </value>
            </param>
          </params>
          <reporter-output>
          </reporter-output>
        </test-method> <!-- runScenario -->
        <test-method signature="runScenario(io.cucumber.testng.PickleWrapper,io.cucumber.testng.FeatureWrapper)[pri:0, instance:runner.TestRunner@3aee3976]" started-at="2023-11-22T14:34:13 EST" name="runScenario" description="Runs Cucumber Scenarios" data-provider="scenarios" finished-at="2023-11-22T14:34:14 EST" duration-ms="532" status="PASS">
          <params>
            <param index="0">
              <value>
                <![CDATA["Verifying signout link"]]>
              </value>
            </param>
            <param index="1">
              <value>
                <![CDATA["Optional[Verifying Signin Page feature]"]]>
              </value>
            </param>
          </params>
          <reporter-output>
          </reporter-output>
        </test-method> <!-- runScenario -->
        <test-method signature="runScenario(io.cucumber.testng.PickleWrapper,io.cucumber.testng.FeatureWrapper)[pri:0, instance:runner.TestRunner@3aee3976]" started-at="2023-11-22T14:34:14 EST" name="runScenario" description="Runs Cucumber Scenarios" data-provider="scenarios" finished-at="2023-11-22T14:34:15 EST" duration-ms="672" status="PASS">
          <params>
            <param index="0">
              <value>
                <![CDATA["User on login page and login with invalid and valid inputs from Excel "Login" and 0"]]>
              </value>
            </param>
            <param index="1">
              <value>
                <![CDATA["Optional[Verifying Signin Page feature]"]]>
              </value>
            </param>
          </params>
          <reporter-output>
          </reporter-output>
        </test-method> <!-- runScenario -->
        <test-method signature="runScenario(io.cucumber.testng.PickleWrapper,io.cucumber.testng.FeatureWrapper)[pri:0, instance:runner.TestRunner@3aee3976]" started-at="2023-11-22T14:34:15 EST" name="runScenario" description="Runs Cucumber Scenarios" data-provider="scenarios" finished-at="2023-11-22T14:34:15 EST" duration-ms="741" status="PASS">
          <params>
            <param index="0">
              <value>
                <![CDATA["User lands on Data Structures Introduction Page on clicking Get Started button below Data Structures"]]>
              </value>
            </param>
            <param index="1">
              <value>
                <![CDATA["Optional[User launch DSAlgo application and test Data Structure functionality after login]"]]>
              </value>
            </param>
          </params>
          <reporter-output>
          </reporter-output>
        </test-method> <!-- runScenario -->
        <test-method signature="runScenario(io.cucumber.testng.PickleWrapper,io.cucumber.testng.FeatureWrapper)[pri:0, instance:runner.TestRunner@3aee3976]" started-at="2023-11-22T14:34:15 EST" name="runScenario" description="Runs Cucumber Scenarios" data-provider="scenarios" finished-at="2023-11-22T14:34:16 EST" duration-ms="815" status="PASS">
          <params>
            <param index="0">
              <value>
                <![CDATA["User lands on Data Structures Introduction Page on clicking Get Started button below Data Structures"]]>
              </value>
            </param>
            <param index="1">
              <value>
                <![CDATA["Optional[User launch DSAlgo application and test Data Structure functionality after login]"]]>
              </value>
            </param>
          </params>
          <reporter-output>
          </reporter-output>
        </test-method> <!-- runScenario -->
        <test-method signature="runScenario(io.cucumber.testng.PickleWrapper,io.cucumber.testng.FeatureWrapper)[pri:0, instance:runner.TestRunner@3aee3976]" started-at="2023-11-22T14:34:16 EST" name="runScenario" description="Runs Cucumber Scenarios" data-provider="scenarios" finished-at="2023-11-22T14:34:16 EST" duration-ms="213" status="PASS">
          <params>
            <param index="0">
              <value>
                <![CDATA["The user is able to navigate to Arrays Data Structure Page"]]>
              </value>
            </param>
            <param index="1">
              <value>
                <![CDATA["Optional[User launch dsalgo application and test Array page]"]]>
              </value>
            </param>
          </params>
          <reporter-output>
          </reporter-output>
        </test-method> <!-- runScenario -->
        <test-method signature="runScenario(io.cucumber.testng.PickleWrapper,io.cucumber.testng.FeatureWrapper)[pri:0, instance:runner.TestRunner@3aee3976]" started-at="2023-11-22T14:34:16 EST" name="runScenario" description="Runs Cucumber Scenarios" data-provider="scenarios" finished-at="2023-11-22T14:34:17 EST" duration-ms="322" status="PASS">
          <params>
            <param index="0">
              <value>
                <![CDATA["The user is able to navigate to Arrays in Python page"]]>
              </value>
            </param>
            <param index="1">
              <value>
                <![CDATA["Optional[User launch dsalgo application and test Array page]"]]>
              </value>
            </param>
          </params>
          <reporter-output>
          </reporter-output>
        </test-method> <!-- runScenario -->
        <test-method signature="runScenario(io.cucumber.testng.PickleWrapper,io.cucumber.testng.FeatureWrapper)[pri:0, instance:runner.TestRunner@3aee3976]" started-at="2023-11-22T14:34:17 EST" name="runScenario" description="Runs Cucumber Scenarios" data-provider="scenarios" finished-at="2023-11-22T14:34:17 EST" duration-ms="340" status="PASS">
          <params>
            <param index="0">
              <value>
                <![CDATA["The user is able to navigate to a page having an tryEditor from Arrays in Python page"]]>
              </value>
            </param>
            <param index="1">
              <value>
                <![CDATA["Optional[User launch dsalgo application and test Array page]"]]>
              </value>
            </param>
          </params>
          <reporter-output>
          </reporter-output>
        </test-method> <!-- runScenario -->
        <test-method signature="runScenario(io.cucumber.testng.PickleWrapper,io.cucumber.testng.FeatureWrapper)[pri:0, instance:runner.TestRunner@3aee3976]" started-at="2023-11-22T14:34:17 EST" name="runScenario" description="Runs Cucumber Scenarios" data-provider="scenarios" finished-at="2023-11-22T14:34:18 EST" duration-ms="458" status="PASS">
          <params>
            <param index="0">
              <value>
                <![CDATA["The user is able run code in tryEditor for Arrays in Python page"]]>
              </value>
            </param>
            <param index="1">
              <value>
                <![CDATA["Optional[User launch dsalgo application and test Array page]"]]>
              </value>
            </param>
          </params>
          <reporter-output>
          </reporter-output>
        </test-method> <!-- runScenario -->
        <test-method signature="runScenario(io.cucumber.testng.PickleWrapper,io.cucumber.testng.FeatureWrapper)[pri:0, instance:runner.TestRunner@3aee3976]" started-at="2023-11-22T14:34:18 EST" name="runScenario" description="Runs Cucumber Scenarios" data-provider="scenarios" finished-at="2023-11-22T14:34:18 EST" duration-ms="840" status="PASS">
          <params>
            <param index="0">
              <value>
                <![CDATA["The user is presented with error message for code with invalid syntax in tryEditor for Arrays in Python page"]]>
              </value>
            </param>
            <param index="1">
              <value>
                <![CDATA["Optional[User launch dsalgo application and test Array page]"]]>
              </value>
            </param>
          </params>
          <reporter-output>
          </reporter-output>
        </test-method> <!-- runScenario -->
        <test-method is-config="true" signature="tearDownClass()[pri:0, instance:runner.TestRunner@3aee3976]" started-at="2023-11-22T14:34:18 EST" name="tearDownClass" finished-at="2023-11-22T14:34:18 EST" duration-ms="29" status="PASS">
          <reporter-output>
          </reporter-output>
        </test-method> <!-- tearDownClass -->
      </class> <!-- runner.TestRunner -->
    </test> <!-- Default test -->
  </suite> <!-- Default suite -->
</testng-results>
