<?xml version="1.0" encoding="UTF-8"?>
<!-- Generated by org.testng.reporters.JUnitReportReporter -->
<testsuite hostname="amanpc" failures="6" tests="40" name="runner.TestRunner" time="18.521" errors="0" timestamp="2023-11-22T14:34:19 EST" skipped="0">
  <testcase classname="runner.TestRunner" name="runScenario" time="1.029"/>
  <system-out/>
  <testcase classname="runner.TestRunner" name="runScenario" time="0.213"/>
  <system-out/>
  <testcase classname="runner.TestRunner" name="runScenario" time="0.345">
    <failure message="expected [Password cannot be entirely numeric] but found [password_mismatch:The two password fields didn’t match.]" type="java.lang.AssertionError">
      <![CDATA[java.lang.AssertionError: expected [Password cannot be entirely numeric] but found [password_mismatch:The two password fields didn’t match.]
at org.testng.Assert.fail(Assert.java:110)
at org.testng.Assert.failNotEquals(Assert.java:1577)
at org.testng.Assert.assertEqualsImpl(Assert.java:149)
at org.testng.Assert.assertEquals(Assert.java:131)
at org.testng.Assert.assertEquals(Assert.java:655)
at org.testng.Assert.assertEquals(Assert.java:665)
at stepDefinitions.registerPage_SD.the_user_should_see_the_error_message_indicating(registerPage_SD.java:94)
at ✽.the user should see the error message indicating "Password cannot be entirely numeric"(file:///C:/Users/bassa/eclipse-workspace/CucumberJavaProject/src/test/resources/DSAlgoFeatures/02registerPage.feature:23)
]]>
    </failure>
  </testcase> <!-- runScenario -->
  <system-out/>
  <testcase classname="runner.TestRunner" name="runScenario" time="0.352">
    <failure message="expected [Username already exists] but found [password_mismatch:The two password fields didn’t match.]" type="java.lang.AssertionError">
      <![CDATA[java.lang.AssertionError: expected [Username already exists] but found [password_mismatch:The two password fields didn’t match.]
at org.testng.Assert.fail(Assert.java:110)
at org.testng.Assert.failNotEquals(Assert.java:1577)
at org.testng.Assert.assertEqualsImpl(Assert.java:149)
at org.testng.Assert.assertEquals(Assert.java:131)
at org.testng.Assert.assertEquals(Assert.java:655)
at org.testng.Assert.assertEquals(Assert.java:665)
at stepDefinitions.registerPage_SD.the_user_should_see_the_error_message_indicating(registerPage_SD.java:94)
at ✽.the user should see the error message indicating "Username already exists"(file:///C:/Users/bassa/eclipse-workspace/CucumberJavaProject/src/test/resources/DSAlgoFeatures/02registerPage.feature:23)
]]>
    </failure>
  </testcase> <!-- runScenario -->
  <system-out/>
  <testcase classname="runner.TestRunner" name="runScenario" time="0.322"/>
  <system-out/>
  <testcase classname="runner.TestRunner" name="runScenario" time="0.532"/>
  <system-out/>
  <testcase classname="runner.TestRunner" name="runScenario" time="0.197"/>
  <system-out/>
  <testcase classname="runner.TestRunner" name="runScenario" time="0.238"/>
  <system-out/>
  <testcase classname="runner.TestRunner" name="runScenario" time="0.227"/>
  <system-out/>
  <testcase classname="runner.TestRunner" name="runScenario" time="0.354"/>
  <system-out/>
  <testcase classname="runner.TestRunner" name="runScenario" time="0.188"/>
  <system-out/>
  <testcase classname="runner.TestRunner" name="runScenario" time="0.189"/>
  <system-out/>
  <testcase classname="runner.TestRunner" name="runScenario" time="0.262"/>
  <system-out/>
  <testcase classname="runner.TestRunner" name="runScenario" time="0.280"/>
  <system-out/>
  <testcase classname="runner.TestRunner" name="runScenario" time="0.245"/>
  <system-out/>
  <testcase classname="runner.TestRunner" name="runScenario" time="0.236"/>
  <system-out/>
  <testcase classname="runner.TestRunner" name="runScenario" time="0.840"/>
  <system-out/>
  <testcase classname="runner.TestRunner" name="runScenario" time="0.672"/>
  <system-out/>
  <testcase classname="runner.TestRunner" name="runScenario" time="0.458"/>
  <system-out/>
  <testcase classname="runner.TestRunner" name="runScenario" time="0.248"/>
  <system-out/>
  <testcase classname="runner.TestRunner" name="runScenario" time="0.364">
    <failure message="expected [Please enter valid username] but found [password_mismatch:The two password fields didn’t match.]" type="java.lang.AssertionError">
      <![CDATA[java.lang.AssertionError: expected [Please enter valid username] but found [password_mismatch:The two password fields didn’t match.]
at org.testng.Assert.fail(Assert.java:110)
at org.testng.Assert.failNotEquals(Assert.java:1577)
at org.testng.Assert.assertEqualsImpl(Assert.java:149)
at org.testng.Assert.assertEquals(Assert.java:131)
at org.testng.Assert.assertEquals(Assert.java:655)
at org.testng.Assert.assertEquals(Assert.java:665)
at stepDefinitions.registerPage_SD.the_user_should_see_the_error_message_indicating(registerPage_SD.java:94)
at ✽.the user should see the error message indicating "Please enter valid username"(file:///C:/Users/bassa/eclipse-workspace/CucumberJavaProject/src/test/resources/DSAlgoFeatures/02registerPage.feature:23)
]]>
    </failure>
  </testcase> <!-- runScenario -->
  <system-out/>
  <testcase classname="runner.TestRunner" name="runScenario" time="4.596"/>
  <system-out/>
  <testcase classname="runner.TestRunner" name="runScenario" time="0.293"/>
  <system-out/>
  <testcase classname="runner.TestRunner" name="runScenario" time="0.400"/>
  <system-out/>
  <testcase classname="runner.TestRunner" name="runScenario" time="0.260"/>
  <system-out/>
  <testcase classname="runner.TestRunner" name="runScenario" time="0.267"/>
  <system-out/>
  <testcase classname="runner.TestRunner" name="runScenario" time="0.372">
    <failure message="expected [Password cannot be commonly used password] but found [password_mismatch:The two password fields didn’t match.]" type="java.lang.AssertionError">
      <![CDATA[java.lang.AssertionError: expected [Password cannot be commonly used password] but found [password_mismatch:The two password fields didn’t match.]
at org.testng.Assert.fail(Assert.java:110)
at org.testng.Assert.failNotEquals(Assert.java:1577)
at org.testng.Assert.assertEqualsImpl(Assert.java:149)
at org.testng.Assert.assertEquals(Assert.java:131)
at org.testng.Assert.assertEquals(Assert.java:655)
at org.testng.Assert.assertEquals(Assert.java:665)
at stepDefinitions.registerPage_SD.the_user_should_see_the_error_message_indicating(registerPage_SD.java:94)
at ✽.the user should see the error message indicating "Password cannot be commonly used password"(file:///C:/Users/bassa/eclipse-workspace/CucumberJavaProject/src/test/resources/DSAlgoFeatures/02registerPage.feature:23)
]]>
    </failure>
  </testcase> <!-- runScenario -->
  <system-out/>
  <testcase classname="runner.TestRunner" name="runScenario" time="0.255"/>
  <system-out/>
  <testcase classname="runner.TestRunner" name="runScenario" time="0.741"/>
  <system-out/>
  <testcase classname="runner.TestRunner" name="runScenario" time="0.340"/>
  <system-out/>
  <testcase classname="runner.TestRunner" name="runScenario" time="0.815"/>
  <system-out/>
  <testcase classname="runner.TestRunner" name="runScenario" time="0.310">
    <failure message="expected [Password should contain at least 8 characters] but found [password_mismatch:The two password fields didn’t match.]" type="java.lang.AssertionError">
      <![CDATA[java.lang.AssertionError: expected [Password should contain at least 8 characters] but found [password_mismatch:The two password fields didn’t match.]
at org.testng.Assert.fail(Assert.java:110)
at org.testng.Assert.failNotEquals(Assert.java:1577)
at org.testng.Assert.assertEqualsImpl(Assert.java:149)
at org.testng.Assert.assertEquals(Assert.java:131)
at org.testng.Assert.assertEquals(Assert.java:655)
at org.testng.Assert.assertEquals(Assert.java:665)
at stepDefinitions.registerPage_SD.the_user_should_see_the_error_message_indicating(registerPage_SD.java:94)
at ✽.the user should see the error message indicating "Password should contain at least 8 characters"(file:///C:/Users/bassa/eclipse-workspace/CucumberJavaProject/src/test/resources/DSAlgoFeatures/02registerPage.feature:23)
]]>
    </failure>
  </testcase> <!-- runScenario -->
  <system-out/>
  <testcase classname="runner.TestRunner" name="runScenario" time="0.225"/>
  <system-out/>
  <testcase classname="runner.TestRunner" name="runScenario" time="0.182"/>
  <system-out/>
  <testcase classname="runner.TestRunner" name="runScenario" time="0.255"/>
  <system-out/>
  <testcase classname="runner.TestRunner" name="runScenario" time="0.260"/>
  <system-out/>
  <testcase classname="runner.TestRunner" name="runScenario" time="0.252"/>
  <system-out/>
  <testcase classname="runner.TestRunner" name="runScenario" time="0.440">
    <failure message="expected [Password cannot be too similar to your other personal information] but found [password_mismatch:The two password fields didn’t match.]" type="java.lang.AssertionError">
      <![CDATA[java.lang.AssertionError: expected [Password cannot be too similar to your other personal information] but found [password_mismatch:The two password fields didn’t match.]
at org.testng.Assert.fail(Assert.java:110)
at org.testng.Assert.failNotEquals(Assert.java:1577)
at org.testng.Assert.assertEqualsImpl(Assert.java:149)
at org.testng.Assert.assertEquals(Assert.java:131)
at org.testng.Assert.assertEquals(Assert.java:655)
at org.testng.Assert.assertEquals(Assert.java:665)
at stepDefinitions.registerPage_SD.the_user_should_see_the_error_message_indicating(registerPage_SD.java:94)
at ✽.the user should see the error message indicating "Password cannot be too similar to your other personal information"(file:///C:/Users/bassa/eclipse-workspace/CucumberJavaProject/src/test/resources/DSAlgoFeatures/02registerPage.feature:23)
]]>
    </failure>
  </testcase> <!-- runScenario -->
  <system-out/>
  <testcase classname="runner.TestRunner" name="runScenario" time="0.208"/>
  <system-out/>
  <testcase classname="runner.TestRunner" name="runScenario" time="0.259"/>
  <system-out/>
</testsuite> <!-- runner.TestRunner -->
